<?xml version="1.0" encoding="UTF-8"?>
<testng-results ignored="0" total="1" passed="1" failed="0" skipped="0">
  <reporter-output>
  </reporter-output>
  <suite started-at="2021-06-01T12:09:33 IST" name="Default suite" finished-at="2021-06-01T12:10:21 IST" duration-ms="48797">
    <groups>
    </groups>
    <test started-at="2021-06-01T12:09:33 IST" name="Default test" finished-at="2021-06-01T12:10:21 IST" duration-ms="48797">
      <class name="com.disney.testcases.LoginPageTest">
        <test-method is-config="true" signature="beforeSuite()[pri:0, instance:com.disney.testcases.LoginPageTest@72bc6553]" started-at="2021-06-01T12:09:32 IST" name="beforeSuite" finished-at="2021-06-01T12:09:33 IST" duration-ms="211" status="PASS">
          <reporter-output>
          </reporter-output>
        </test-method> <!-- beforeSuite -->
        <test-method is-config="true" signature="beforeMethod()[pri:0, instance:com.disney.testcases.LoginPageTest@72bc6553]" started-at="2021-06-01T12:09:33 IST" name="beforeMethod" finished-at="2021-06-01T12:09:33 IST" duration-ms="2" status="PASS">
          <reporter-output>
          </reporter-output>
        </test-method> <!-- beforeMethod -->
        <test-method is-config="true" signature="beforeMethod(java.lang.String, java.lang.reflect.Method)[pri:0, instance:com.disney.testcases.LoginPageTest@72bc6553]" started-at="2021-06-01T12:09:33 IST" name="beforeMethod" finished-at="2021-06-01T12:09:35 IST" duration-ms="2330" status="PASS">
          <params>
            <param index="0">
              <value>
                <![CDATA[chrome]]>
              </value>
            </param>
            <param index="1">
              <value>
                <![CDATA[public void com.disney.testcases.LoginPageTest.loginTest() throws java.lang.InterruptedException]]>
              </value>
            </param>
          </params>
          <reporter-output>
          </reporter-output>
        </test-method> <!-- beforeMethod -->
        <test-method is-config="true" signature="setUp()[pri:0, instance:com.disney.testcases.LoginPageTest@72bc6553]" started-at="2021-06-01T12:09:35 IST" name="setUp" finished-at="2021-06-01T12:09:35 IST" duration-ms="35" status="PASS">
          <reporter-output>
          </reporter-output>
        </test-method> <!-- setUp -->
        <test-method signature="loginTest()[pri:3, instance:com.disney.testcases.LoginPageTest@72bc6553]" started-at="2021-06-01T12:09:35 IST" name="loginTest" finished-at="2021-06-01T12:10:20 IST" duration-ms="45384" status="PASS">
          <reporter-output>
          </reporter-output>
        </test-method> <!-- loginTest -->
        <test-method is-config="true" signature="afterMethod(org.testng.ITestResult)[pri:0, instance:com.disney.testcases.LoginPageTest@72bc6553]" started-at="2021-06-01T12:10:20 IST" name="afterMethod" finished-at="2021-06-01T12:10:21 IST" duration-ms="1007" status="PASS">
          <params>
            <param index="0">
              <value>
                <![CDATA[[TestResult name=loginTest status=SUCCESS method=LoginPageTest.loginTest()[pri:3, instance:com.disney.testcases.LoginPageTest@72bc6553] output={null}]]]>
              </value>
            </param>
          </params>
          <reporter-output>
          </reporter-output>
        </test-method> <!-- afterMethod -->
        <test-method is-config="true" signature="closeBrowser()[pri:0, instance:com.disney.testcases.LoginPageTest@72bc6553]" started-at="2021-06-01T12:10:21 IST" name="closeBrowser" finished-at="2021-06-01T12:10:21 IST" duration-ms="1" status="PASS">
          <reporter-output>
          </reporter-output>
        </test-method> <!-- closeBrowser -->
      </class> <!-- com.disney.testcases.LoginPageTest -->
    </test> <!-- Default test -->
  </suite> <!-- Default suite -->
</testng-results>
